[      65ms] [LOG] [Fast Refresh] rebuilding @ webpack-internal:///./node_modules/next/dist/client/components/react-dev-overlay/pages/hot-reloader-client.js:221
[     767ms] [LOG] [Fast Refresh] done in 701ms @ webpack-internal:///./node_modules/next/dist/client/components/react-dev-overlay/pages/hot-reloader-client.js:190
[    1141ms] [LOG] [Fast Refresh] rebuilding @ webpack-internal:///./node_modules/next/dist/client/components/react-dev-overlay/pages/hot-reloader-client.js:221
[    1693ms] [ERROR] Failed to load resource: the server responded with a status of 404 (Not Found) @ http://localhost:3004/report/b465436c-69b4-43bf-bc0b-a2d25d90b601:0
[    1792ms] [ERROR] Failed to load resource: the server responded with a status of 404 (Not Found) @ http://localhost:3004/report/b465436c-69b4-43bf-bc0b-a2d25d90b601:0
[    2869ms] [ERROR] Failed to load resource: the server responded with a status of 404 (Not Found) @ http://localhost:3004/report/b465436c-69b4-43bf-bc0b-a2d25d90b601:0
[    3898ms] [ERROR] Failed to load resource: the server responded with a status of 404 (Not Found) @ http://localhost:3004/report/b465436c-69b4-43bf-bc0b-a2d25d90b601:0
[    5088ms] [ERROR] Failed to load resource: the server responded with a status of 404 (Not Found) @ http://localhost:3004/report/b465436c-69b4-43bf-bc0b-a2d25d90b601:0
[    6561ms] [ERROR] Failed to load resource: the server responded with a status of 404 (Not Found) @ http://localhost:3004/report/b465436c-69b4-43bf-bc0b-a2d25d90b601:0
[    8125ms] [ERROR] Failed to load resource: the server responded with a status of 404 (Not Found) @ http://localhost:3004/report/b465436c-69b4-43bf-bc0b-a2d25d90b601:0
[    9482ms] [ERROR] Failed to load resource: the server responded with a status of 404 (Not Found) @ http://localhost:3004/report/b465436c-69b4-43bf-bc0b-a2d25d90b601:0
[   10853ms] [ERROR] Failed to load resource: the server responded with a status of 404 (Not Found) @ http://localhost:3004/report/b465436c-69b4-43bf-bc0b-a2d25d90b601:0
[   11981ms] [ERROR] Failed to load resource: the server responded with a status of 404 (Not Found) @ http://localhost:3004/report/b465436c-69b4-43bf-bc0b-a2d25d90b601:0
[   13119ms] [ERROR] Failed to load resource: the server responded with a status of 404 (Not Found) @ http://localhost:3004/report/b465436c-69b4-43bf-bc0b-a2d25d90b601:0
[   14372ms] [ERROR] Failed to load resource: the server responded with a status of 404 (Not Found) @ http://localhost:3004/report/b465436c-69b4-43bf-bc0b-a2d25d90b601:0
[   15685ms] [ERROR] Failed to load resource: the server responded with a status of 404 (Not Found) @ http://localhost:3004/report/b465436c-69b4-43bf-bc0b-a2d25d90b601:0
[   17411ms] [ERROR] Failed to load resource: the server responded with a status of 404 (Not Found) @ http://localhost:3004/report/b465436c-69b4-43bf-bc0b-a2d25d90b601:0
[   18685ms] [ERROR] Failed to load resource: the server responded with a status of 404 (Not Found) @ http://localhost:3004/report/b465436c-69b4-43bf-bc0b-a2d25d90b601:0
[   20112ms] [ERROR] Failed to load resource: the server responded with a status of 404 (Not Found) @ http://localhost:3004/report/b465436c-69b4-43bf-bc0b-a2d25d90b601:0
[   21314ms] [ERROR] Failed to load resource: the server responded with a status of 404 (Not Found) @ http://localhost:3004/report/b465436c-69b4-43bf-bc0b-a2d25d90b601:0
[   22612ms] [ERROR] Failed to load resource: the server responded with a status of 404 (Not Found) @ http://localhost:3004/report/b465436c-69b4-43bf-bc0b-a2d25d90b601:0
[   24211ms] [ERROR] Failed to load resource: the server responded with a status of 404 (Not Found) @ http://localhost:3004/report/b465436c-69b4-43bf-bc0b-a2d25d90b601:0
[   25695ms] [ERROR] Failed to load resource: the server responded with a status of 404 (Not Found) @ http://localhost:3004/report/b465436c-69b4-43bf-bc0b-a2d25d90b601:0
[   26817ms] [ERROR] Failed to load resource: the server responded with a status of 404 (Not Found) @ http://localhost:3004/report/b465436c-69b4-43bf-bc0b-a2d25d90b601:0
[   28255ms] [ERROR] Failed to load resource: the server responded with a status of 404 (Not Found) @ http://localhost:3004/report/b465436c-69b4-43bf-bc0b-a2d25d90b601:0
[   29334ms] [ERROR] Failed to load resource: the server responded with a status of 404 (Not Found) @ http://localhost:3004/report/b465436c-69b4-43bf-bc0b-a2d25d90b601:0
[   31159ms] [ERROR] Failed to load resource: the server responded with a status of 404 (Not Found) @ http://localhost:3004/report/b465436c-69b4-43bf-bc0b-a2d25d90b601:0
[   32482ms] [ERROR] Failed to load resource: the server responded with a status of 404 (Not Found) @ http://localhost:3004/report/b465436c-69b4-43bf-bc0b-a2d25d90b601:0
[   33881ms] [ERROR] Failed to load resource: the server responded with a status of 404 (Not Found) @ http://localhost:3004/report/b465436c-69b4-43bf-bc0b-a2d25d90b601:0
[   35421ms] [ERROR] Failed to load resource: the server responded with a status of 404 (Not Found) @ http://localhost:3004/report/b465436c-69b4-43bf-bc0b-a2d25d90b601:0
[   36840ms] [ERROR] Failed to load resource: the server responded with a status of 404 (Not Found) @ http://localhost:3004/report/b465436c-69b4-43bf-bc0b-a2d25d90b601:0
